\BOOKMARK [1][-]{section.1}{Gravitational Waves Background}{}% 1
\BOOKMARK [2][-]{subsection.1.1}{General Relativity intro}{section.1}% 2
\BOOKMARK [2][-]{subsection.1.2}{GW Approximation using Bayesian Methods}{section.1}% 3
\BOOKMARK [2][-]{subsection.1.3}{Project Motivation}{section.1}% 4
\BOOKMARK [2][-]{subsection.1.4}{Data Description}{section.1}% 5
\BOOKMARK [1][-]{section.2}{Gaussian Process Regression GPR Background}{}% 6
\BOOKMARK [2][-]{subsection.2.1}{Introduction and Roadmap}{section.2}% 7
\BOOKMARK [2][-]{subsection.2.2}{Gaussian Proces Regression Background}{section.2}% 8
\BOOKMARK [2][-]{subsection.2.3}{Kernel Functions}{section.2}% 9
\BOOKMARK [2][-]{subsection.2.4}{Handling Noise in our Data}{section.2}% 10
\BOOKMARK [2][-]{subsection.2.5}{Hyper-parameters}{section.2}% 11
\BOOKMARK [1][-]{section.3}{Quantifying Uncertainty}{}% 12
\BOOKMARK [1][-]{section.4}{Multi-Dimensional GPR}{}% 13
\BOOKMARK [1][-]{section.5}{Method}{}% 14
\BOOKMARK [2][-]{subsection.5.1}{The Models}{section.5}% 15
\BOOKMARK [2][-]{subsection.5.2}{Model Evaluation Metrics}{section.5}% 16
\BOOKMARK [2][-]{subsection.5.3}{Training, Comparing, and Testing My Models}{section.5}% 17
\BOOKMARK [1][-]{section.6}{Results}{}% 18
\BOOKMARK [2][-]{subsection.6.1}{4D Results}{section.6}% 19
\BOOKMARK [2][-]{subsection.6.2}{7D Results}{section.6}% 20
\BOOKMARK [1][-]{section.7}{Conclusion}{}% 21
\BOOKMARK [1][-]{section.8}{Discussion}{}% 22
\BOOKMARK [1][-]{appendix.A}{Appendix A: Derivation of Predictive Distribution}{}% 23
\BOOKMARK [1][-]{appendix.B}{Appendix B: Kernel Formulas}{}% 24
\BOOKMARK [1][-]{appendix.C}{Appendix C: Graphs of 4d finalist GPs}{}% 25
\BOOKMARK [1][-]{appendix.D}{Appendix D: Model Evaluation Table and graphs}{}% 26
\BOOKMARK [1][-]{appendix.E}{Appendix E: Bin}{}% 27
\BOOKMARK [1][-]{appendix.F}{Appendix F: MCMC details}{}% 28
\BOOKMARK [1][-]{appendix.G}{Appendix G: Noise modeling using Monte Carlo Sampling}{}% 29
